<?xml version="1.0" encoding="UTF-8"?>
<testng-results ignored="0" total="1" passed="0" failed="1" skipped="0">
  <reporter-output>
  </reporter-output>
  <suite started-at="2021-12-04T18:30:55 IST" name="Default suite" finished-at="2021-12-04T18:31:27 IST" duration-ms="32277">
    <groups>
    </groups>
    <test started-at="2021-12-04T18:30:55 IST" name="Default test" finished-at="2021-12-04T18:31:27 IST" duration-ms="32277">
      <class name="com.btf.qa.BasicTestFramework.CheckLDAPcanberequested">
        <test-method is-config="true" signature="initialize()[pri:0, instance:com.btf.qa.BasicTestFramework.CheckLDAPcanberequested@45fd9a4d]" started-at="2021-12-04T18:30:55 IST" name="initialize" finished-at="2021-12-04T18:30:59 IST" duration-ms="4270" status="PASS">
          <reporter-output>
          </reporter-output>
        </test-method> <!-- initialize -->
        <test-method is-config="true" signature="settingUpProperties()[pri:0, instance:com.btf.qa.BasicTestFramework.CheckLDAPcanberequested@45fd9a4d]" started-at="2021-12-04T18:30:59 IST" name="settingUpProperties" finished-at="2021-12-04T18:30:59 IST" duration-ms="1" status="PASS">
          <reporter-output>
          </reporter-output>
        </test-method> <!-- settingUpProperties -->
        <test-method signature="CheckLDAPCanbeclicked()[pri:0, instance:com.btf.qa.BasicTestFramework.CheckLDAPcanberequested@45fd9a4d]" started-at="2021-12-04T18:30:59 IST" name="CheckLDAPCanbeclicked" finished-at="2021-12-04T18:31:27 IST" duration-ms="27625" status="FAIL">
          <exception class="java.lang.AssertionError">
            <message>
              <![CDATA[The following asserts failed:
expected [MMMM] but found [OrangeHRM Addons]]]>
            </message>
            <full-stacktrace>
              <![CDATA[java.lang.AssertionError: The following asserts failed:
expected [MMMM] but found [OrangeHRM Addons]
at org.testng.asserts.SoftAssert.assertAll(SoftAssert.java:47)
at org.testng.asserts.SoftAssert.assertAll(SoftAssert.java:31)
at com.btf.qa.BasicTestFramework.CheckLDAPcanberequested.CheckLDAPCanbeclicked(CheckLDAPcanberequested.java:84)
at java.base/jdk.internal.reflect.NativeMethodAccessorImpl.invoke0(Native Method)
at java.base/jdk.internal.reflect.NativeMethodAccessorImpl.invoke(NativeMethodAccessorImpl.java:64)
at java.base/jdk.internal.reflect.DelegatingMethodAccessorImpl.invoke(DelegatingMethodAccessorImpl.java:43)
at java.base/java.lang.reflect.Method.invoke(Method.java:564)
at org.testng.internal.MethodInvocationHelper.invokeMethod(MethodInvocationHelper.java:133)
at org.testng.internal.TestInvoker.invokeMethod(TestInvoker.java:598)
at org.testng.internal.TestInvoker.invokeTestMethod(TestInvoker.java:173)
at org.testng.internal.MethodRunner.runInSequence(MethodRunner.java:46)
at org.testng.internal.TestInvoker$MethodInvocationAgent.invoke(TestInvoker.java:824)
at org.testng.internal.TestInvoker.invokeTestMethods(TestInvoker.java:146)
at org.testng.internal.TestMethodWorker.invokeTestMethods(TestMethodWorker.java:146)
at org.testng.internal.TestMethodWorker.run(TestMethodWorker.java:128)
at java.base/java.util.ArrayList.forEach(ArrayList.java:1511)
at org.testng.TestRunner.privateRun(TestRunner.java:794)
at org.testng.TestRunner.run(TestRunner.java:596)
at org.testng.SuiteRunner.runTest(SuiteRunner.java:377)
at org.testng.SuiteRunner.runSequentially(SuiteRunner.java:371)
at org.testng.SuiteRunner.privateRun(SuiteRunner.java:332)
at org.testng.SuiteRunner.run(SuiteRunner.java:276)
at org.testng.SuiteRunnerWorker.runSuite(SuiteRunnerWorker.java:53)
at org.testng.SuiteRunnerWorker.run(SuiteRunnerWorker.java:96)
at org.testng.TestNG.runSuitesSequentially(TestNG.java:1212)
at org.testng.TestNG.runSuitesLocally(TestNG.java:1134)
at org.testng.TestNG.runSuites(TestNG.java:1063)
at org.testng.TestNG.run(TestNG.java:1031)
at org.testng.remote.AbstractRemoteTestNG.run(AbstractRemoteTestNG.java:115)
at org.testng.remote.RemoteTestNG.initAndRun(RemoteTestNG.java:251)
at org.testng.remote.RemoteTestNG.main(RemoteTestNG.java:77)
]]>
            </full-stacktrace>
          </exception> <!-- java.lang.AssertionError -->
          <reporter-output>
          </reporter-output>
        </test-method> <!-- CheckLDAPCanbeclicked -->
        <test-method is-config="true" signature="teardown()[pri:0, instance:com.btf.qa.BasicTestFramework.CheckLDAPcanberequested@45fd9a4d]" started-at="2021-12-04T18:31:27 IST" name="teardown" finished-at="2021-12-04T18:31:27 IST" duration-ms="256" status="PASS">
          <reporter-output>
          </reporter-output>
        </test-method> <!-- teardown -->
      </class> <!-- com.btf.qa.BasicTestFramework.CheckLDAPcanberequested -->
    </test> <!-- Default test -->
  </suite> <!-- Default suite -->
</testng-results>
